{"name": "test19_check_core_subjects_valuation_ps[601606]", "status": "broken", "statusDetails": {"message": "selenium.common.exceptions.TimeoutException: Message:", "trace": "self = <test04_valuation_tools.TestValuationTools object at 0x0000029DBF69D518>, code = '601606'\n\n    @pytest.mark.parametrize(\"code\", get_data())\n    def test19_check_core_subjects_valuation_ps(self, code):\n        \"\"\"验证核心科目1年增速PS-2020估值\"\"\"\n>       self.page_valuation_tools.page_valuation_tools_ps_func01(code)\n\nscripts\\test04_valuation_tools.py:274: \n_ _ _ _ _ _ _ _ _ _ _ _ _ _ _ _ _ _ _ _ _ _ _ _ _ _ _ _ _ _ _ _ _ _ _ _ _ _ _ _ _ _ _ _ _ _ _ _ _ _ _ _ _ _ _ _ _ _ _ _ _ _ _ _ _ _ _ _ _ _ _ _ _ _ _ _ _ _ _ _ _ _ _ _ _ _ _ _ _ _ _ _ _ _ _ _ _ _ _ _ _ _ _ _ _ _ _ _ _ _ _ _ _ _ \npage\\page_valuation_tools.py:342: in page_valuation_tools_ps_func01\n    self.page_input_stock_code(code)\npage\\page_valuation_tools.py:17: in page_input_stock_code\n    self.base_input(page.valuation_search, code)\nbase\\base.py:45: in base_input\n    el = self.base_find(loc)\nbase\\base.py:26: in base_find\n    return WebDriverWait(self.driver, timeout=timeout, poll_frequency=poll).until(lambda x: x.find_element(*loc))\n_ _ _ _ _ _ _ _ _ _ _ _ _ _ _ _ _ _ _ _ _ _ _ _ _ _ _ _ _ _ _ _ _ _ _ _ _ _ _ _ _ _ _ _ _ _ _ _ _ _ _ _ _ _ _ _ _ _ _ _ _ _ _ _ _ _ _ _ _ _ _ _ _ _ _ _ _ _ _ _ _ _ _ _ _ _ _ _ _ _ _ _ _ _ _ _ _ _ _ _ _ _ _ _ _ _ _ _ _ _ _ _ _ _ \n\nself = <selenium.webdriver.support.wait.WebDriverWait (session=\"86d32e67-678a-45b2-93c8-950f7a9f91c8\")>, method = <function Base.base_find.<locals>.<lambda> at 0x0000029DBF7B6048>, message = ''\n\n    def until(self, method, message=''):\n        \"\"\"Calls the method provided with the driver as an argument until the \\\n        return value is not False.\"\"\"\n        screen = None\n        stacktrace = None\n    \n        end_time = time.time() + self._timeout\n        while True:\n            try:\n                value = method(self._driver)\n                if value:\n                    return value\n            except self._ignored_exceptions as exc:\n                screen = getattr(exc, 'screen', None)\n                stacktrace = getattr(exc, 'stacktrace', None)\n            time.sleep(self._poll)\n            if time.time() > end_time:\n                break\n>       raise TimeoutException(message, screen, stacktrace)\nE       selenium.common.exceptions.TimeoutException: Message:\n\nd:\\python\\lib\\site-packages\\selenium\\webdriver\\support\\wait.py:80: TimeoutException"}, "description": "验证核心科目1年增速PS-2020估值", "steps": [{"name": "查找元素操作", "status": "broken", "statusDetails": {"message": "selenium.common.exceptions.TimeoutException: Message: \n\n", "trace": "  File \"d:\\python\\lib\\site-packages\\allure_commons\\_allure.py\", line 157, in impl\n    return func(*a, **kw)\n  File \"C:\\Users\\Admini\\Desktop\\jiujiutyouyan\\base\\base.py\", line 26, in base_find\n    return WebDriverWait(self.driver, timeout=timeout, poll_frequency=poll).until(lambda x: x.find_element(*loc))\n  File \"d:\\python\\lib\\site-packages\\selenium\\webdriver\\support\\wait.py\", line 80, in until\n    raise TimeoutException(message, screen, stacktrace)\n"}, "attachments": [{"name": "('id', 'com.xraybot.jiujiutouyan:id/et_searchtext_search')", "source": "2eb7ad5a-7747-4fd2-b4b6-d3883df248c8-attachment.attach"}], "parameters": [{"name": "loc", "value": "('id', 'com.xraybot.jiujiutouyan:id/et_searchtext_search')"}, {"name": "timeout", "value": "10"}, {"name": "poll", "value": "0.5"}], "start": 1579172546067, "stop": 1579172556471}, {"name": "查找元素操作", "status": "passed", "steps": [{"name": "查找元素操作", "status": "passed", "attachments": [{"name": "('class name', 'android.widget.TextView')", "source": "5423096c-f10b-4584-8688-9449dcd18b7d-attachment.attach"}], "parameters": [{"name": "loc", "value": "('class name', 'android.widget.TextView')"}, {"name": "timeout", "value": "10"}, {"name": "poll", "value": "0.5"}], "start": 1579172556490, "stop": 1579172556507}], "attachments": [{"name": "('class name', 'android.widget.TextView')", "source": "ce2ad7a7-3475-4201-be17-15d88529bd9b-attachment.attach"}], "parameters": [{"name": "loc", "value": "('class name', 'android.widget.TextView')"}], "start": 1579172556489, "stop": 1579172556558}], "attachments": [{"name": "log", "source": "7ed92650-8c99-49d3-8d77-0ab7f35c5091-attachment.txt", "type": "text/plain"}], "parameters": [{"name": "code", "value": "'601606'"}], "start": 1579172546066, "stop": 1579172556471, "uuid": "ff761411-62c3-46b9-8b66-75e2591a8fb8", "historyId": "eee7005e52c91f6aad67be09b7e9a161", "testCaseId": "adc7eaf6add5b2569a07cb2f0c69aa3c", "fullName": "scripts.test04_valuation_tools.TestValuationTools#test19_check_core_subjects_valuation_ps", "labels": [{"name": "parentSuite", "value": "scripts"}, {"name": "suite", "value": "test04_valuation_tools"}, {"name": "subSuite", "value": "TestValuationTools"}, {"name": "host", "value": "DESKTOP-HIJ2U4P"}, {"name": "thread", "value": "1916-MainThread"}, {"name": "framework", "value": "pytest"}, {"name": "language", "value": "cpython3"}, {"name": "package", "value": "scripts.test04_valuation_tools"}]}