{"name": "test19_check_core_subjects_valuation_ps[601717]", "status": "broken", "statusDetails": {"message": "selenium.common.exceptions.TimeoutException: Message:", "trace": "self = <test04_valuation_tools.TestValuationTools object at 0x0000029DBF564908>, code = '601717'\n\n    @pytest.mark.parametrize(\"code\", get_data())\n    def test19_check_core_subjects_valuation_ps(self, code):\n        \"\"\"验证核心科目1年增速PS-2020估值\"\"\"\n>       self.page_valuation_tools.page_valuation_tools_ps_func01(code)\n\nscripts\\test04_valuation_tools.py:274: \n_ _ _ _ _ _ _ _ _ _ _ _ _ _ _ _ _ _ _ _ _ _ _ _ _ _ _ _ _ _ _ _ _ _ _ _ _ _ _ _ _ _ _ _ _ _ _ _ _ _ _ _ _ _ _ _ _ _ _ _ _ _ _ _ _ _ _ _ _ _ _ _ _ _ _ _ _ _ _ _ _ _ _ _ _ _ _ _ _ _ _ _ _ _ _ _ _ _ _ _ _ _ _ _ _ _ _ _ _ _ _ _ _ _ \npage\\page_valuation_tools.py:342: in page_valuation_tools_ps_func01\n    self.page_input_stock_code(code)\npage\\page_valuation_tools.py:17: in page_input_stock_code\n    self.base_input(page.valuation_search, code)\nbase\\base.py:45: in base_input\n    el = self.base_find(loc)\nbase\\base.py:26: in base_find\n    return WebDriverWait(self.driver, timeout=timeout, poll_frequency=poll).until(lambda x: x.find_element(*loc))\n_ _ _ _ _ _ _ _ _ _ _ _ _ _ _ _ _ _ _ _ _ _ _ _ _ _ _ _ _ _ _ _ _ _ _ _ _ _ _ _ _ _ _ _ _ _ _ _ _ _ _ _ _ _ _ _ _ _ _ _ _ _ _ _ _ _ _ _ _ _ _ _ _ _ _ _ _ _ _ _ _ _ _ _ _ _ _ _ _ _ _ _ _ _ _ _ _ _ _ _ _ _ _ _ _ _ _ _ _ _ _ _ _ _ \n\nself = <selenium.webdriver.support.wait.WebDriverWait (session=\"86d32e67-678a-45b2-93c8-950f7a9f91c8\")>, method = <function Base.base_find.<locals>.<lambda> at 0x0000029DBE16DD08>, message = ''\n\n    def until(self, method, message=''):\n        \"\"\"Calls the method provided with the driver as an argument until the \\\n        return value is not False.\"\"\"\n        screen = None\n        stacktrace = None\n    \n        end_time = time.time() + self._timeout\n        while True:\n            try:\n                value = method(self._driver)\n                if value:\n                    return value\n            except self._ignored_exceptions as exc:\n                screen = getattr(exc, 'screen', None)\n                stacktrace = getattr(exc, 'stacktrace', None)\n            time.sleep(self._poll)\n            if time.time() > end_time:\n                break\n>       raise TimeoutException(message, screen, stacktrace)\nE       selenium.common.exceptions.TimeoutException: Message:\n\nd:\\python\\lib\\site-packages\\selenium\\webdriver\\support\\wait.py:80: TimeoutException"}, "description": "验证核心科目1年增速PS-2020估值", "steps": [{"name": "查找元素操作", "status": "broken", "statusDetails": {"message": "selenium.common.exceptions.TimeoutException: Message: \n\n", "trace": "  File \"d:\\python\\lib\\site-packages\\allure_commons\\_allure.py\", line 157, in impl\n    return func(*a, **kw)\n  File \"C:\\Users\\Admini\\Desktop\\jiujiutyouyan\\base\\base.py\", line 26, in base_find\n    return WebDriverWait(self.driver, timeout=timeout, poll_frequency=poll).until(lambda x: x.find_element(*loc))\n  File \"d:\\python\\lib\\site-packages\\selenium\\webdriver\\support\\wait.py\", line 80, in until\n    raise TimeoutException(message, screen, stacktrace)\n"}, "attachments": [{"name": "('id', 'com.xraybot.jiujiutouyan:id/et_searchtext_search')", "source": "98fd2476-54a2-42d9-ade6-1ff843e88401-attachment.attach"}], "parameters": [{"name": "loc", "value": "('id', 'com.xraybot.jiujiutouyan:id/et_searchtext_search')"}, {"name": "timeout", "value": "10"}, {"name": "poll", "value": "0.5"}], "start": 1579172763188, "stop": 1579172773587}, {"name": "查找元素操作", "status": "passed", "steps": [{"name": "查找元素操作", "status": "passed", "attachments": [{"name": "('class name', 'android.widget.TextView')", "source": "38ba8272-1c76-4c8d-9e3e-7209b32c462f-attachment.attach"}], "parameters": [{"name": "loc", "value": "('class name', 'android.widget.TextView')"}, {"name": "timeout", "value": "10"}, {"name": "poll", "value": "0.5"}], "start": 1579172773623, "stop": 1579172773644}], "attachments": [{"name": "('class name', 'android.widget.TextView')", "source": "793ab14a-0fa7-4270-a049-780b87104bba-attachment.attach"}], "parameters": [{"name": "loc", "value": "('class name', 'android.widget.TextView')"}], "start": 1579172773623, "stop": 1579172773661}], "attachments": [{"name": "log", "source": "63d56072-aa93-448a-8716-aaba3341a6a6-attachment.txt", "type": "text/plain"}], "parameters": [{"name": "code", "value": "'601717'"}], "start": 1579172763187, "stop": 1579172773587, "uuid": "f4f4a499-6a9f-43ca-a556-12ec51e0441f", "historyId": "ed6186bd4bdadc6fecc6be4a7060628a", "testCaseId": "adc7eaf6add5b2569a07cb2f0c69aa3c", "fullName": "scripts.test04_valuation_tools.TestValuationTools#test19_check_core_subjects_valuation_ps", "labels": [{"name": "parentSuite", "value": "scripts"}, {"name": "suite", "value": "test04_valuation_tools"}, {"name": "subSuite", "value": "TestValuationTools"}, {"name": "host", "value": "DESKTOP-HIJ2U4P"}, {"name": "thread", "value": "1916-MainThread"}, {"name": "framework", "value": "pytest"}, {"name": "language", "value": "cpython3"}, {"name": "package", "value": "scripts.test04_valuation_tools"}]}