{"name": "test19_check_core_subjects_valuation_ps[601929]", "status": "broken", "statusDetails": {"message": "selenium.common.exceptions.TimeoutException: Message:", "trace": "self = <test04_valuation_tools.TestValuationTools object at 0x0000029DBF5693C8>, code = '601929'\n\n    @pytest.mark.parametrize(\"code\", get_data())\n    def test19_check_core_subjects_valuation_ps(self, code):\n        \"\"\"验证核心科目1年增速PS-2020估值\"\"\"\n>       self.page_valuation_tools.page_valuation_tools_ps_func01(code)\n\nscripts\\test04_valuation_tools.py:274: \n_ _ _ _ _ _ _ _ _ _ _ _ _ _ _ _ _ _ _ _ _ _ _ _ _ _ _ _ _ _ _ _ _ _ _ _ _ _ _ _ _ _ _ _ _ _ _ _ _ _ _ _ _ _ _ _ _ _ _ _ _ _ _ _ _ _ _ _ _ _ _ _ _ _ _ _ _ _ _ _ _ _ _ _ _ _ _ _ _ _ _ _ _ _ _ _ _ _ _ _ _ _ _ _ _ _ _ _ _ _ _ _ _ _ \npage\\page_valuation_tools.py:342: in page_valuation_tools_ps_func01\n    self.page_input_stock_code(code)\npage\\page_valuation_tools.py:17: in page_input_stock_code\n    self.base_input(page.valuation_search, code)\nbase\\base.py:45: in base_input\n    el = self.base_find(loc)\nbase\\base.py:26: in base_find\n    return WebDriverWait(self.driver, timeout=timeout, poll_frequency=poll).until(lambda x: x.find_element(*loc))\n_ _ _ _ _ _ _ _ _ _ _ _ _ _ _ _ _ _ _ _ _ _ _ _ _ _ _ _ _ _ _ _ _ _ _ _ _ _ _ _ _ _ _ _ _ _ _ _ _ _ _ _ _ _ _ _ _ _ _ _ _ _ _ _ _ _ _ _ _ _ _ _ _ _ _ _ _ _ _ _ _ _ _ _ _ _ _ _ _ _ _ _ _ _ _ _ _ _ _ _ _ _ _ _ _ _ _ _ _ _ _ _ _ _ \n\nself = <selenium.webdriver.support.wait.WebDriverWait (session=\"86d32e67-678a-45b2-93c8-950f7a9f91c8\")>, method = <function Base.base_find.<locals>.<lambda> at 0x0000029DC08588C8>, message = ''\n\n    def until(self, method, message=''):\n        \"\"\"Calls the method provided with the driver as an argument until the \\\n        return value is not False.\"\"\"\n        screen = None\n        stacktrace = None\n    \n        end_time = time.time() + self._timeout\n        while True:\n            try:\n                value = method(self._driver)\n                if value:\n                    return value\n            except self._ignored_exceptions as exc:\n                screen = getattr(exc, 'screen', None)\n                stacktrace = getattr(exc, 'stacktrace', None)\n            time.sleep(self._poll)\n            if time.time() > end_time:\n                break\n>       raise TimeoutException(message, screen, stacktrace)\nE       selenium.common.exceptions.TimeoutException: Message:\n\nd:\\python\\lib\\site-packages\\selenium\\webdriver\\support\\wait.py:80: TimeoutException"}, "description": "验证核心科目1年增速PS-2020估值", "steps": [{"name": "查找元素操作", "status": "broken", "statusDetails": {"message": "selenium.common.exceptions.TimeoutException: Message: \n\n", "trace": "  File \"d:\\python\\lib\\site-packages\\allure_commons\\_allure.py\", line 157, in impl\n    return func(*a, **kw)\n  File \"C:\\Users\\Admini\\Desktop\\jiujiutyouyan\\base\\base.py\", line 26, in base_find\n    return WebDriverWait(self.driver, timeout=timeout, poll_frequency=poll).until(lambda x: x.find_element(*loc))\n  File \"d:\\python\\lib\\site-packages\\selenium\\webdriver\\support\\wait.py\", line 80, in until\n    raise TimeoutException(message, screen, stacktrace)\n"}, "attachments": [{"name": "('id', 'com.xraybot.jiujiutouyan:id/et_searchtext_search')", "source": "78bd6e50-bbd3-4a1f-8563-21474c48ead6-attachment.attach"}], "parameters": [{"name": "loc", "value": "('id', 'com.xraybot.jiujiutouyan:id/et_searchtext_search')"}, {"name": "timeout", "value": "10"}, {"name": "poll", "value": "0.5"}], "start": 1579173129395, "stop": 1579173139816}, {"name": "查找元素操作", "status": "passed", "steps": [{"name": "查找元素操作", "status": "passed", "attachments": [{"name": "('class name', 'android.widget.TextView')", "source": "69b35035-7884-40f5-99fd-748e464d2446-attachment.attach"}], "parameters": [{"name": "loc", "value": "('class name', 'android.widget.TextView')"}, {"name": "timeout", "value": "10"}, {"name": "poll", "value": "0.5"}], "start": 1579173139836, "stop": 1579173139850}], "attachments": [{"name": "('class name', 'android.widget.TextView')", "source": "7fd3d225-91ea-4c18-b1f8-888436236ed2-attachment.attach"}], "parameters": [{"name": "loc", "value": "('class name', 'android.widget.TextView')"}], "start": 1579173139835, "stop": 1579173139883}], "attachments": [{"name": "log", "source": "97e324c6-b363-42c4-b81e-cdbed40ab360-attachment.txt", "type": "text/plain"}], "parameters": [{"name": "code", "value": "'601929'"}], "start": 1579173129395, "stop": 1579173139816, "uuid": "7c0626db-6572-471b-b74d-3de7eb279838", "historyId": "85ed703cde114167705fc322874ec1db", "testCaseId": "adc7eaf6add5b2569a07cb2f0c69aa3c", "fullName": "scripts.test04_valuation_tools.TestValuationTools#test19_check_core_subjects_valuation_ps", "labels": [{"name": "parentSuite", "value": "scripts"}, {"name": "suite", "value": "test04_valuation_tools"}, {"name": "subSuite", "value": "TestValuationTools"}, {"name": "host", "value": "DESKTOP-HIJ2U4P"}, {"name": "thread", "value": "1916-MainThread"}, {"name": "framework", "value": "pytest"}, {"name": "language", "value": "cpython3"}, {"name": "package", "value": "scripts.test04_valuation_tools"}]}