{"name": "test19_check_core_subjects_valuation_ps[603126]", "status": "broken", "statusDetails": {"message": "selenium.common.exceptions.TimeoutException: Message:", "trace": "self = <test04_valuation_tools.TestValuationTools object at 0x0000029DC0A06358>, code = '603126'\n\n    @pytest.mark.parametrize(\"code\", get_data())\n    def test19_check_core_subjects_valuation_ps(self, code):\n        \"\"\"验证核心科目1年增速PS-2020估值\"\"\"\n>       self.page_valuation_tools.page_valuation_tools_ps_func01(code)\n\nscripts\\test04_valuation_tools.py:274: \n_ _ _ _ _ _ _ _ _ _ _ _ _ _ _ _ _ _ _ _ _ _ _ _ _ _ _ _ _ _ _ _ _ _ _ _ _ _ _ _ _ _ _ _ _ _ _ _ _ _ _ _ _ _ _ _ _ _ _ _ _ _ _ _ _ _ _ _ _ _ _ _ _ _ _ _ _ _ _ _ _ _ _ _ _ _ _ _ _ _ _ _ _ _ _ _ _ _ _ _ _ _ _ _ _ _ _ _ _ _ _ _ _ _ \npage\\page_valuation_tools.py:342: in page_valuation_tools_ps_func01\n    self.page_input_stock_code(code)\npage\\page_valuation_tools.py:17: in page_input_stock_code\n    self.base_input(page.valuation_search, code)\nbase\\base.py:45: in base_input\n    el = self.base_find(loc)\nbase\\base.py:26: in base_find\n    return WebDriverWait(self.driver, timeout=timeout, poll_frequency=poll).until(lambda x: x.find_element(*loc))\n_ _ _ _ _ _ _ _ _ _ _ _ _ _ _ _ _ _ _ _ _ _ _ _ _ _ _ _ _ _ _ _ _ _ _ _ _ _ _ _ _ _ _ _ _ _ _ _ _ _ _ _ _ _ _ _ _ _ _ _ _ _ _ _ _ _ _ _ _ _ _ _ _ _ _ _ _ _ _ _ _ _ _ _ _ _ _ _ _ _ _ _ _ _ _ _ _ _ _ _ _ _ _ _ _ _ _ _ _ _ _ _ _ _ \n\nself = <selenium.webdriver.support.wait.WebDriverWait (session=\"86d32e67-678a-45b2-93c8-950f7a9f91c8\")>, method = <function Base.base_find.<locals>.<lambda> at 0x0000029DBF83A048>, message = ''\n\n    def until(self, method, message=''):\n        \"\"\"Calls the method provided with the driver as an argument until the \\\n        return value is not False.\"\"\"\n        screen = None\n        stacktrace = None\n    \n        end_time = time.time() + self._timeout\n        while True:\n            try:\n                value = method(self._driver)\n                if value:\n                    return value\n            except self._ignored_exceptions as exc:\n                screen = getattr(exc, 'screen', None)\n                stacktrace = getattr(exc, 'stacktrace', None)\n            time.sleep(self._poll)\n            if time.time() > end_time:\n                break\n>       raise TimeoutException(message, screen, stacktrace)\nE       selenium.common.exceptions.TimeoutException: Message:\n\nd:\\python\\lib\\site-packages\\selenium\\webdriver\\support\\wait.py:80: TimeoutException"}, "description": "验证核心科目1年增速PS-2020估值", "steps": [{"name": "查找元素操作", "status": "broken", "statusDetails": {"message": "selenium.common.exceptions.TimeoutException: Message: \n\n", "trace": "  File \"d:\\python\\lib\\site-packages\\allure_commons\\_allure.py\", line 157, in impl\n    return func(*a, **kw)\n  File \"C:\\Users\\Admini\\Desktop\\jiujiutyouyan\\base\\base.py\", line 26, in base_find\n    return WebDriverWait(self.driver, timeout=timeout, poll_frequency=poll).until(lambda x: x.find_element(*loc))\n  File \"d:\\python\\lib\\site-packages\\selenium\\webdriver\\support\\wait.py\", line 80, in until\n    raise TimeoutException(message, screen, stacktrace)\n"}, "attachments": [{"name": "('id', 'com.xraybot.jiujiutouyan:id/et_searchtext_search')", "source": "73fec637-0745-4b14-820a-28149a530b27-attachment.attach"}], "parameters": [{"name": "loc", "value": "('id', 'com.xraybot.jiujiutouyan:id/et_searchtext_search')"}, {"name": "timeout", "value": "10"}, {"name": "poll", "value": "0.5"}], "start": 1579174203175, "stop": 1579174213595}, {"name": "查找元素操作", "status": "passed", "steps": [{"name": "查找元素操作", "status": "passed", "attachments": [{"name": "('class name', 'android.widget.TextView')", "source": "c5094af1-c45e-43ae-be34-3bfa254fccaf-attachment.attach"}], "parameters": [{"name": "loc", "value": "('class name', 'android.widget.TextView')"}, {"name": "timeout", "value": "10"}, {"name": "poll", "value": "0.5"}], "start": 1579174213615, "stop": 1579174213629}], "attachments": [{"name": "('class name', 'android.widget.TextView')", "source": "0490a719-674a-4459-9ef5-30e30d55aaba-attachment.attach"}], "parameters": [{"name": "loc", "value": "('class name', 'android.widget.TextView')"}], "start": 1579174213614, "stop": 1579174213650}], "attachments": [{"name": "log", "source": "dd63a205-2e31-49e8-b08c-fca18b93a092-attachment.txt", "type": "text/plain"}], "parameters": [{"name": "code", "value": "'603126'"}], "start": 1579174203174, "stop": 1579174213595, "uuid": "e9471c2a-08ca-4cc0-9a65-8030ed02a5d0", "historyId": "988d74beb4350c65f4bb9608a66b15f9", "testCaseId": "adc7eaf6add5b2569a07cb2f0c69aa3c", "fullName": "scripts.test04_valuation_tools.TestValuationTools#test19_check_core_subjects_valuation_ps", "labels": [{"name": "parentSuite", "value": "scripts"}, {"name": "suite", "value": "test04_valuation_tools"}, {"name": "subSuite", "value": "TestValuationTools"}, {"name": "host", "value": "DESKTOP-HIJ2U4P"}, {"name": "thread", "value": "1916-MainThread"}, {"name": "framework", "value": "pytest"}, {"name": "language", "value": "cpython3"}, {"name": "package", "value": "scripts.test04_valuation_tools"}]}